0 info it worked if it ends with ok
1 verbose cli [ '/usr/local/Cellar/node/10.1.0/bin/node',
1 verbose cli   '/usr/local/bin/npm',
1 verbose cli   'run',
1 verbose cli   'start:dev' ]
2 info using npm@5.6.0
3 info using node@v10.1.0
4 verbose run-script [ 'prestart:dev', 'start:dev', 'poststart:dev' ]
5 info lifecycle backend@1.0.0~prestart:dev: backend@1.0.0
6 info lifecycle backend@1.0.0~start:dev: backend@1.0.0
7 verbose lifecycle backend@1.0.0~start:dev: unsafe-perm in lifecycle true
8 verbose lifecycle backend@1.0.0~start:dev: PATH: /usr/local/lib/node_modules/npm/node_modules/npm-lifecycle/node-gyp-bin:/Users/paulacaicedo/Desktop/BeautyGeek/node_modules/.bin:/usr/local/lib/node_modules/npm/node_modules/npm-lifecycle/node-gyp-bin:/Users/paulacaicedo/Desktop/BeautyGeek/node_modules/.bin:/usr/local/bin:/usr/bin:/bin:/usr/sbin:/sbin
9 verbose lifecycle backend@1.0.0~start:dev: CWD: /Users/paulacaicedo/Desktop/BeautyGeek
10 silly lifecycle backend@1.0.0~start:dev: Args: [ '-c',
10 silly lifecycle   'concurrently "nodemon --ignore \'frontend/*\'" "npm run client"' ]
11 silly lifecycle backend@1.0.0~start:dev: Returned: code: 1  signal: null
12 info lifecycle backend@1.0.0~start:dev: Failed to exec start:dev script
13 verbose stack Error: backend@1.0.0 start:dev: `concurrently "nodemon --ignore 'frontend/*'" "npm run client"`
13 verbose stack Exit status 1
13 verbose stack     at EventEmitter.<anonymous> (/usr/local/lib/node_modules/npm/node_modules/npm-lifecycle/index.js:285:16)
13 verbose stack     at EventEmitter.emit (events.js:182:13)
13 verbose stack     at ChildProcess.<anonymous> (/usr/local/lib/node_modules/npm/node_modules/npm-lifecycle/lib/spawn.js:55:14)
13 verbose stack     at ChildProcess.emit (events.js:182:13)
13 verbose stack     at maybeClose (internal/child_process.js:957:16)
13 verbose stack     at Process.ChildProcess._handle.onexit (internal/child_process.js:246:5)
14 verbose pkgid backend@1.0.0
15 verbose cwd /Users/paulacaicedo/Desktop/BeautyGeek
16 verbose Darwin 17.5.0
17 verbose argv "/usr/local/Cellar/node/10.1.0/bin/node" "/usr/local/bin/npm" "run" "start:dev"
18 verbose node v10.1.0
19 verbose npm  v5.6.0
20 error code ELIFECYCLE
21 error errno 1
22 error backend@1.0.0 start:dev: `concurrently "nodemon --ignore 'frontend/*'" "npm run client"`
22 error Exit status 1
23 error Failed at the backend@1.0.0 start:dev script.
23 error This is probably not a problem with npm. There is likely additional logging output above.
24 verbose exit [ 1, true ]
